
System Date is: 15/06/2016
System Time is: 20:39:04
Thread info: MAIN
logging thread created successfully
LOG level:INFO

System Date is: 15/06/2016
System Time is: 20:39:04
Thread info: MAIN
decision thread created successfully
LOG level:INFO

System Date is: 15/06/2016
System Time is: 20:39:05
Decision Queue Recv Creation Successfull!

System Date is: 15/06/2016
System Time is: 20:39:14
Thread:Ultrasonic
Log level:DATA
sensor_value:0.00
sensor_value recieved

System Date is: 15/06/2016
System Time is: 20:39:15
UART connection disconnected

System Date is: 15/06/2016
System Time is: 20:39:16
Thread:Ultrasonic THRESHOLD CROSSED
Log level:DATA
sensor_value:81.86
sensor_value recieved

System Date is: 15/06/2016
System Time is: 20:39:17
Thread:Alcohol
Log level:DATA
sensor_value:2.44
sensor_value recieved

System Date is: 15/06/2016
System Time is: 20:39:18
Thread:Ultrasonic THRESHOLD CROSSED
Log level:DATA
sensor_value:81.86
sensor_value recieved

System Date is: 15/06/2016
System Time is: 20:39:19
Thread:Alcohol
Log level:DATA
sensor_value:2.48
sensor_value recieved

System Date is: 15/06/2016
System Time is: 20:39:20
Thread:Ultrasonic THRESHOLD CROSSED
Log level:DATA
sensor_value:81.86
sensor_value recieved

System Date is: 15/06/2016
System Time is: 20:39:21
Thread:Alcohol
Log level:DATA
sensor_value:2.46
sensor_value recieved

System Date is: 15/06/2016
System Time is: 20:39:22
Thread:Ultrasonic THRESHOLD CROSSED
Log level:DATA
sensor_value:81.86
sensor_value recieved

System Date is: 15/06/2016
System Time is: 20:39:23
Thread:Alcohol
Log level:DATA
sensor_value:2.46
sensor_value recieved

System Date is: 15/06/2016
System Time is: 20:39:25
Thread:Ultrasonic THRESHOLD CROSSED
Log level:DATA
sensor_value:81.86
sensor_value recieved

System Date is: 15/06/2016
System Time is: 20:39:26
Thread:Alcohol
Log level:DATA
sensor_value:2.47
sensor_value recieved

System Date is: 15/06/2016
System Time is: 20:39:27
Thread:Ultrasonic THRESHOLD CROSSED
Log level:DATA
sensor_value:81.86
sensor_value recieved

System Date is: 15/06/2016
System Time is: 20:39:28
Thread:Alcohol
Log level:DATA
sensor_value:2.47
sensor_value recieved

System Date is: 15/06/2016
System Time is: 20:39:29
Ultrasonic sensor disconnected

System Date is: 15/06/2016
System Time is: 20:39:30
Thread:Alcohol
Log level:DATA
sensor_value:2.47
sensor_value recieved

System Date is: 15/06/2016
System Time is: 20:39:31
Thread:Alcohol
Log level:DATA
sensor_value:2.52
sensor_value recieved

System Date is: 15/06/2016
System Time is: 20:39:32
Thread:Alcohol
Log level:DATA
sensor_value:2.52
sensor_value recieved

System Date is: 15/06/2016
System Time is: 20:39:34
Thread:Alcohol
Log level:DATA
sensor_value:2.52
sensor_value recieved

System Date is: 15/06/2016
System Time is: 20:39:36
Thread:Alcohol
Log level:DATA
sensor_value:2.52
sensor_value recieved

System Date is: 15/06/2016
System Time is: 20:39:38
Thread:Alcohol
Log level:DATA
sensor_value:2.52
sensor_value recieved

System Date is: 15/06/2016
System Time is: 20:39:40
Thread:Ultrasonic
Log level:DATA
sensor_value:2.52
sensor_value recieved

System Date is: 15/06/2016
System Time is: 20:39:41
UART connection disconnected

System Date is: 15/06/2016
System Time is: 20:39:42
Thread:Ultrasonic THRESHOLD CROSSED
Log level:DATA
sensor_value:81.86
sensor_value recieved

System Date is: 15/06/2016
System Time is: 20:39:43
Thread:Alcohol
Log level:DATA
sensor_value:2.51
sensor_value recieved

System Date is: 15/06/2016
System Time is: 20:39:44
Thread:Ultrasonic THRESHOLD CROSSED
Log level:DATA
sensor_value:81.86
sensor_value recieved

System Date is: 15/06/2016
System Time is: 20:39:45
Thread:Alcohol
Log level:DATA
sensor_value:2.58
sensor_value recieved

System Date is: 15/06/2016
System Time is: 20:39:46
Thread:Ultrasonic THRESHOLD CROSSED
Log level:DATA
sensor_value:81.86
sensor_value recieved

System Date is: 15/06/2016
System Time is: 20:39:47
Thread:Alcohol
Log level:DATA
sensor_value:2.57
sensor_value recieved

System Date is: 15/06/2016
System Time is: 20:39:48
Thread:Ultrasonic THRESHOLD CROSSED
Log level:DATA
sensor_value:81.96
sensor_value recieved

System Date is: 15/06/2016
System Time is: 20:39:49
Thread:Alcohol
Log level:DATA
sensor_value:2.43
sensor_value recieved

System Date is: 15/06/2016
System Time is: 20:39:50
Thread:Ultrasonic
Log level:DATA
sensor_value:0.52
sensor_value recieved

System Date is: 15/06/2016
System Time is: 20:39:51
Thread:Alcohol
Log level:DATA
sensor_value:4.00
sensor_value recieved

System Date is: 15/06/2016
System Time is: 20:39:53
Thread:Ultrasonic
Log level:DATA
sensor_value:0.52
sensor_value recieved

System Date is: 15/06/2016
System Time is: 20:39:54
Thread:Alcohol
Log level:DATA
sensor_value:3.94
sensor_value recieved

System Date is: 15/06/2016
System Time is: 20:39:55
Thread:Ultrasonic
Log level:DATA
sensor_value:0.52
sensor_value recieved

System Date is: 15/06/2016
System Time is: 20:39:56
Thread:Alcohol
Log level:DATA
sensor_value:3.94
sensor_value recieved

System Date is: 15/06/2016
System Time is: 20:39:57
Thread:Ultrasonic
Log level:DATA
sensor_value:0.52
sensor_value recieved

System Date is: 15/06/2016
System Time is: 20:39:58
Thread:Alcohol
Log level:DATA
sensor_value:3.97
sensor_value recieved

System Date is: 15/06/2016
System Time is: 20:39:59
Thread:Ultrasonic
Log level:DATA
sensor_value:0.52
sensor_value recieved

System Date is: 15/06/2016
System Time is: 20:40:00
Thread:Alcohol
Log level:DATA
sensor_value:4.04
sensor_value recieved

System Date is: 15/06/2016
System Time is: 20:40:01
Thread:Ultrasonic
Log level:DATA
sensor_value:0.52
sensor_value recieved

System Date is: 15/06/2016
System Time is: 20:40:02
Thread:Alcohol
Log level:DATA
sensor_value:3.96
sensor_value recieved

System Date is: 15/06/2016
System Time is: 20:40:03
Thread:Ultrasonic
Log level:DATA
sensor_value:0.52
sensor_value recieved

System Date is: 15/06/2016
System Time is: 20:40:04
Thread:Alcohol
Log level:DATA
sensor_value:4.87
sensor_value recieved

System Date is: 15/06/2016
System Time is: 20:40:05
Thread:Ultrasonic
Log level:DATA
sensor_value:0.52
sensor_value recieved

System Date is: 15/06/2016
System Time is: 20:40:06
Thread:Alcohol
Log level:DATA
sensor_value:4.00
sensor_value recieved

System Date is: 15/06/2016
System Time is: 20:40:08
Thread:Ultrasonic
Log level:DATA
sensor_value:0.52
sensor_value recieved

System Date is: 15/06/2016
System Time is: 20:40:09
Thread:Alcohol
Log level:DATA
sensor_value:4.00
sensor_value recieved

System Date is: 15/06/2016
System Time is: 20:40:10
Thread:Ultrasonic
Log level:DATA
sensor_value:0.52
sensor_value recieved

System Date is: 15/06/2016
System Time is: 20:40:11
Thread:Alcohol
Log level:DATA
sensor_value:4.04
sensor_value recieved

System Date is: 15/06/2016
System Time is: 20:40:12
Thread:Ultrasonic
Log level:DATA
sensor_value:0.52
sensor_value recieved

System Date is: 15/06/2016
System Time is: 20:40:13
Thread:Alcohol
Log level:DATA
sensor_value:3.89
sensor_value recieved

System Date is: 15/06/2016
System Time is: 20:40:14
Thread:Ultrasonic
Log level:DATA
sensor_value:0.52
sensor_value recieved

System Date is: 15/06/2016
System Time is: 20:40:15
Thread:Alcohol
Log level:DATA
sensor_value:4.00
sensor_value recieved

System Date is: 15/06/2016
System Time is: 20:40:16
Thread:Ultrasonic
Log level:DATA
sensor_value:0.52
sensor_value recieved

System Date is: 15/06/2016
System Time is: 20:40:17
Thread:Alcohol
Log level:DATA
sensor_value:4.00
sensor_value recieved

System Date is: 15/06/2016
System Time is: 20:40:18
Thread:Ultrasonic
Log level:DATA
sensor_value:0.52
sensor_value recieved

System Date is: 15/06/2016
System Time is: 20:40:19
Thread:Alcohol
Log level:DATA
sensor_value:4.06
sensor_value recieved

System Date is: 15/06/2016
System Time is: 20:40:21
Thread:Ultrasonic
Log level:DATA
sensor_value:0.52
sensor_value recieved

System Date is: 15/06/2016
System Time is: 20:40:22
Thread:Alcohol
Log level:DATA
sensor_value:4.96
sensor_value recieved

System Date is: 15/06/2016
System Time is: 20:40:23
Thread:Ultrasonic THRESHOLD CROSSED
Log level:DATA
sensor_value:92.58
sensor_value recieved

System Date is: 15/06/2016
System Time is: 20:40:24
Thread:Alcohol
Log level:DATA
sensor_value:1.33
sensor_value recieved

System Date is: 15/06/2016
System Time is: 20:40:25
Thread:Ultrasonic THRESHOLD CROSSED
Log level:DATA
sensor_value:81.86
sensor_value recieved

System Date is: 15/06/2016
System Time is: 20:40:26
Thread:Alcohol
Log level:DATA
sensor_value:1.59
sensor_value recieved

System Date is: 15/06/2016
System Time is: 20:40:27
Thread:Ultrasonic THRESHOLD CROSSED
Log level:DATA
sensor_value:81.86
sensor_value recieved

System Date is: 15/06/2016
System Time is: 20:40:28
Thread:Alcohol
Log level:DATA
sensor_value:1.95
sensor_value recieved

System Date is: 15/06/2016
System Time is: 20:40:29
Thread:Ultrasonic THRESHOLD CROSSED
Log level:DATA
sensor_value:81.86
sensor_value recieved

System Date is: 15/06/2016
System Time is: 20:40:30
Thread:Alcohol
Log level:DATA
sensor_value:2.14
sensor_value recieved

System Date is: 15/06/2016
System Time is: 20:40:31
Thread:Ultrasonic
Log level:DATA
sensor_value:0.31
sensor_value recieved

System Date is: 15/06/2016
System Time is: 20:40:32
Thread:Alcohol
Log level:DATA
sensor_value:2.47
sensor_value recieved

System Date is: 15/06/2016
System Time is: 20:40:33
Thread:Ultrasonic
Log level:DATA
sensor_value:0.31
sensor_value recieved

System Date is: 15/06/2016
System Time is: 20:40:34
Thread:Alcohol
Log level:DATA
sensor_value:2.56
sensor_value recieved

System Date is: 15/06/2016
System Time is: 20:40:36
Thread:Ultrasonic
Log level:DATA
sensor_value:0.31
sensor_value recieved

System Date is: 15/06/2016
System Time is: 20:40:37
Thread:Alcohol
Log level:DATA
sensor_value:2.58
sensor_value recieved

System Date is: 15/06/2016
System Time is: 20:40:38
Thread:Ultrasonic
Log level:DATA
sensor_value:0.31
sensor_value recieved

System Date is: 15/06/2016
System Time is: 20:40:39
Thread:Alcohol
Log level:DATA
sensor_value:2.60
sensor_value recieved

System Date is: 15/06/2016
System Time is: 20:40:40
Thread:Ultrasonic
Log level:DATA
sensor_value:0.31
sensor_value recieved

System Date is: 15/06/2016
System Time is: 20:40:41
Thread:Alcohol
Log level:DATA
sensor_value:2.67
sensor_value recieved

System Date is: 15/06/2016
System Time is: 20:40:42
Thread:Ultrasonic
Log level:DATA
sensor_value:0.31
sensor_value recieved

System Date is: 15/06/2016
System Time is: 20:40:43
Thread:Alcohol
Log level:DATA
sensor_value:2.69
sensor_value recieved

System Date is: 15/06/2016
System Time is: 20:40:44
Thread:Ultrasonic THRESHOLD CROSSED
Log level:DATA
sensor_value:640.62
sensor_value recieved

System Date is: 15/06/2016
System Time is: 20:40:45
Thread:Alcohol
Log level:DATA
sensor_value:2.71
sensor_value recieved

System Date is: 15/06/2016
System Time is: 20:40:46
Thread:Ultrasonic THRESHOLD CROSSED
Log level:DATA
sensor_value:81.96
sensor_value recieved

System Date is: 15/06/2016
System Time is: 20:40:47
Thread:Alcohol
Log level:DATA
sensor_value:2.89
sensor_value recieved

System Date is: 15/06/2016
System Time is: 20:40:48
Thread:Ultrasonic THRESHOLD CROSSED
Log level:DATA
sensor_value:641.13
sensor_value recieved

System Date is: 15/06/2016
System Time is: 20:40:49
Thread:Alcohol
Log level:DATA
sensor_value:4.87
sensor_value recieved

System Date is: 15/06/2016
System Time is: 20:40:51
Thread:Ultrasonic
Log level:DATA
sensor_value:0.52
sensor_value recieved

System Date is: 15/06/2016
System Time is: 20:40:52
Thread:Alcohol
Log level:DATA
sensor_value:4.01
sensor_value recieved

System Date is: 15/06/2016
System Time is: 20:40:53
Thread:Ultrasonic
Log level:DATA
sensor_value:0.52
sensor_value recieved

System Date is: 15/06/2016
System Time is: 20:40:54
Thread:Alcohol
Log level:DATA
sensor_value:3.88
sensor_value recieved

System Date is: 15/06/2016
System Time is: 20:40:55
Thread:Ultrasonic
Log level:DATA
sensor_value:0.52
sensor_value recieved

System Date is: 15/06/2016
System Time is: 20:40:56
Thread:Alcohol
Log level:DATA
sensor_value:4.18
sensor_value recieved

System Date is: 15/06/2016
System Time is: 20:40:57
Thread:Ultrasonic
Log level:DATA
sensor_value:0.52
sensor_value recieved

System Date is: 15/06/2016
System Time is: 20:40:58
Thread:Alcohol
Log level:DATA
sensor_value:4.02
sensor_value recieved

System Date is: 15/06/2016
System Time is: 20:40:59
Thread:Ultrasonic
Log level:DATA
sensor_value:0.52
sensor_value recieved

System Date is: 15/06/2016
System Time is: 20:41:00
Thread:Alcohol
Log level:DATA
sensor_value:4.02
sensor_value recieved

System Date is: 15/06/2016
System Time is: 20:41:01
Thread:Ultrasonic
Log level:DATA
sensor_value:0.52
sensor_value recieved

System Date is: 15/06/2016
System Time is: 20:41:02
Thread:Alcohol
Log level:DATA
sensor_value:3.94
sensor_value recieved

System Date is: 15/06/2016
System Time is: 20:41:03
Thread:Ultrasonic
Log level:DATA
sensor_value:0.52
sensor_value recieved

System Date is: 15/06/2016
System Time is: 20:41:04
Thread:Alcohol
Log level:DATA
sensor_value:3.96
sensor_value recieved

System Date is: 15/06/2016
System Time is: 20:41:06
Thread:Ultrasonic
Log level:DATA
sensor_value:0.52
sensor_value recieved

System Date is: 15/06/2016
System Time is: 20:41:07
Thread:Alcohol
Log level:DATA
sensor_value:3.91
sensor_value recieved

System Date is: 15/06/2016
System Time is: 20:41:08
Thread:Ultrasonic
Log level:DATA
sensor_value:0.52
sensor_value recieved

System Date is: 15/06/2016
System Time is: 20:41:09
Thread:Alcohol
Log level:DATA
sensor_value:4.29
sensor_value recieved

System Date is: 15/06/2016
System Time is: 20:41:10
Ultrasonic sensor disconnected

System Date is: 15/06/2016
System Time is: 20:41:11
Thread:Alcohol
Log level:DATA
sensor_value:2.68
sensor_value recieved

System Date is: 15/06/2016
System Time is: 20:41:40
Thread:Alcohol
Log level:DATA
sensor_value:2.68
sensor_value recieved

System Date is: 15/06/2016
System Time is: 20:41:42
Thread:Ultrasonic
Log level:DATA
sensor_value:2.68
sensor_value recieved

System Date is: 15/06/2016
System Time is: 20:41:43
UART connection disconnected

System Date is: 15/06/2016
System Time is: 20:41:44
Thread:Ultrasonic THRESHOLD CROSSED
Log level:DATA
sensor_value:81.86
sensor_value recieved

System Date is: 15/06/2016
System Time is: 20:41:45
Thread:Alcohol
Log level:DATA
sensor_value:1.71
sensor_value recieved

System Date is: 15/06/2016
System Time is: 20:41:46
Thread:Ultrasonic THRESHOLD CROSSED
Log level:DATA
sensor_value:81.86
sensor_value recieved

System Date is: 15/06/2016
System Time is: 20:41:47
Thread:Alcohol
Log level:DATA
sensor_value:2.06
sensor_value recieved

System Date is: 15/06/2016
System Time is: 20:41:48
Thread:Ultrasonic THRESHOLD CROSSED
Log level:DATA
sensor_value:81.86
sensor_value recieved

System Date is: 15/06/2016
System Time is: 20:41:49
Thread:Alcohol
Log level:DATA
sensor_value:2.26
sensor_value recieved

System Date is: 15/06/2016
System Time is: 20:41:50
Thread:Ultrasonic THRESHOLD CROSSED
Log level:DATA
sensor_value:81.86
sensor_value recieved

System Date is: 15/06/2016
System Time is: 20:41:51
Thread:Alcohol
Log level:DATA
sensor_value:2.40
sensor_value recieved

System Date is: 15/06/2016
System Time is: 20:41:52
Thread:Ultrasonic THRESHOLD CROSSED
Log level:DATA
sensor_value:81.86
sensor_value recieved

System Date is: 15/06/2016
System Time is: 20:41:53
Thread:Alcohol
Log level:DATA
sensor_value:2.99
sensor_value recieved

System Date is: 15/06/2016
System Time is: 20:41:55
Ultrasonic sensor disconnected

System Date is: 15/06/2016
System Time is: 20:41:56
Thread:Alcohol
Log level:DATA
sensor_value:2.66
sensor_value recieved

System Date is: 15/06/2016
System Time is: 20:41:57
Thread:Alcohol
Log level:DATA
sensor_value:1.89
sensor_value recieved

System Date is: 15/06/2016
System Time is: 20:41:58
Thread:Alcohol
Log level:DATA
sensor_value:1.89
sensor_value recieved

System Date is: 15/06/2016
System Time is: 20:42:00
Thread:Alcohol
Log level:DATA
sensor_value:1.89
sensor_value recieved

System Date is: 15/06/2016
System Time is: 20:42:02
Thread:Alcohol
Log level:DATA
sensor_value:1.89
sensor_value recieved

System Date is: 15/06/2016
System Time is: 20:42:04
Thread:Alcohol
Log level:DATA
sensor_value:1.89
sensor_value recieved

System Date is: 15/06/2016
System Time is: 20:42:06
Thread:Alcohol
Log level:DATA
sensor_value:1.89
sensor_value recieved

System Date is: 15/06/2016
System Time is: 20:42:08
Thread:Alcohol
Log level:DATA
sensor_value:1.89
sensor_value recieved

System Date is: 15/06/2016
System Time is: 20:42:11
Alcohol sensor disconnected

System Date is: 15/06/2016
System Time is: 20:42:12
UART connection disconnected

System Date is: 15/06/2016
System Time is: 20:42:13
Thread:Alcohol
Log level:DATA
sensor_value:1.24
sensor_value recieved

System Date is: 15/06/2016
System Time is: 20:42:14
Thread:Ultrasonic THRESHOLD CROSSED
Log level:DATA
sensor_value:81.86
sensor_value recieved

System Date is: 15/06/2016
System Time is: 20:42:15
Thread:Alcohol
Log level:DATA
sensor_value:1.61
sensor_value recieved

System Date is: 15/06/2016
System Time is: 20:42:16
Thread:Ultrasonic THRESHOLD CROSSED
Log level:DATA
sensor_value:81.86
sensor_value recieved

System Date is: 15/06/2016
System Time is: 20:42:17
Thread:Alcohol
Log level:DATA
sensor_value:1.84
sensor_value recieved

System Date is: 15/06/2016
System Time is: 20:42:18
Thread:Ultrasonic THRESHOLD CROSSED
Log level:DATA
sensor_value:81.86
sensor_value recieved

System Date is: 15/06/2016
System Time is: 20:42:19
Thread:Alcohol
Log level:DATA
sensor_value:2.09
sensor_value recieved

System Date is: 15/06/2016
System Time is: 20:42:20
Thread:Ultrasonic THRESHOLD CROSSED
Log level:DATA
sensor_value:81.86
sensor_value recieved

System Date is: 15/06/2016
System Time is: 20:42:21
Thread:Alcohol
Log level:DATA
sensor_value:2.30
sensor_value recieved

System Date is: 15/06/2016
System Time is: 20:42:23
UART connection disconnected

System Date is: 15/06/2016
System Time is: 20:42:24
Thread:Alcohol
Log level:DATA
sensor_value:2.38
sensor_value recieved

System Date is: 15/06/2016
System Time is: 20:42:25
Thread:Ultrasonic THRESHOLD CROSSED
Log level:DATA
sensor_value:81.86
sensor_value recieved

System Date is: 15/06/2016
System Time is: 20:42:26
Thread:Alcohol
Log level:DATA
sensor_value:2.51
sensor_value recieved

System Date is: 15/06/2016
System Time is: 20:42:27
Thread:Ultrasonic THRESHOLD CROSSED
Log level:DATA
sensor_value:81.86
sensor_value recieved

System Date is: 15/06/2016
System Time is: 20:42:28
Thread:Alcohol
Log level:DATA
sensor_value:2.51
sensor_value recieved

System Date is: 15/06/2016
System Time is: 20:42:29
UART connection disconnected

System Date is: 15/06/2016
System Time is: 20:42:30
Thread:Ultrasonic THRESHOLD CROSSED
Log level:DATA
sensor_value:81.96
sensor_value recieved

System Date is: 15/06/2016
System Time is: 20:42:31
Thread:Alcohol
Log level:DATA
sensor_value:2.52
sensor_value recieved

System Date is: 15/06/2016
System Time is: 20:42:32
Thread:Ultrasonic THRESHOLD CROSSED
Log level:DATA
sensor_value:81.86
sensor_value recieved

System Date is: 15/06/2016
System Time is: 20:42:33
Thread:Alcohol
Log level:DATA
sensor_value:2.59
sensor_value recieved

System Date is: 15/06/2016
System Time is: 20:42:35
Thread:Ultrasonic THRESHOLD CROSSED
Log level:DATA
sensor_value:81.86
sensor_value recieved

System Date is: 15/06/2016
System Time is: 20:42:36
Thread:Alcohol
Log level:DATA
sensor_value:2.47
sensor_value recieved

System Date is: 15/06/2016
System Time is: 20:42:37
Thread:Ultrasonic THRESHOLD CROSSED
Log level:DATA
sensor_value:81.96
sensor_value recieved

System Date is: 15/06/2016
System Time is: 20:42:38
Thread:Alcohol
Log level:DATA
sensor_value:2.43
sensor_value recieved

System Date is: 15/06/2016
System Time is: 20:42:39
Thread:Ultrasonic THRESHOLD CROSSED
Log level:DATA
sensor_value:114.43
sensor_value recieved

System Date is: 15/06/2016
System Time is: 20:42:40
Thread:Alcohol
Log level:DATA
sensor_value:3.26
sensor_value recieved

System Date is: 15/06/2016
System Time is: 20:42:41
Ultrasonic sensor disconnected

System Date is: 15/06/2016
System Time is: 20:42:42
Thread:Alcohol
Log level:DATA
sensor_value:2.84
sensor_value recieved

System Date is: 15/06/2016
System Time is: 20:42:43
Thread:Alcohol
Log level:DATA
sensor_value:2.58
sensor_value recieved

System Date is: 15/06/2016
System Time is: 20:42:44
Thread:Alcohol
Log level:DATA
sensor_value:2.58
sensor_value recieved

System Date is: 15/06/2016
System Time is: 20:42:46
Thread:Alcohol
Log level:DATA
sensor_value:2.58
sensor_value recieved

System Date is: 15/06/2016
System Time is: 20:42:48
Thread:Alcohol
Log level:DATA
sensor_value:2.58
sensor_value recieved

System Date is: 15/06/2016
System Time is: 20:42:50
Thread:Alcohol
Log level:DATA
sensor_value:2.58
sensor_value recieved

System Date is: 15/06/2016
System Time is: 20:42:51
Thread:Ultrasonic
Log level:DATA
sensor_value:2.58
sensor_value recieved

System Date is: 15/06/2016
System Time is: 20:42:53
UART connection disconnected

System Date is: 15/06/2016
System Time is: 20:42:54
Thread:Ultrasonic THRESHOLD CROSSED
Log level:DATA
sensor_value:81.86
sensor_value recieved

System Date is: 15/06/2016
System Time is: 20:42:55
Thread:Alcohol
Log level:DATA
sensor_value:1.82
sensor_value recieved

System Date is: 15/06/2016
System Time is: 20:42:56
Thread:Ultrasonic THRESHOLD CROSSED
Log level:DATA
sensor_value:81.86
sensor_value recieved

System Date is: 15/06/2016
System Time is: 20:42:57
Thread:Alcohol
Log level:DATA
sensor_value:2.01
sensor_value recieved

System Date is: 15/06/2016
System Time is: 20:42:58
Thread:Ultrasonic THRESHOLD CROSSED
Log level:DATA
sensor_value:81.86
sensor_value recieved

System Date is: 15/06/2016
System Time is: 20:42:59
Thread:Alcohol
Log level:DATA
sensor_value:2.90
sensor_value recieved

System Date is: 15/06/2016
System Time is: 20:43:00
Thread:Ultrasonic THRESHOLD CROSSED
Log level:DATA
sensor_value:85.15
sensor_value recieved

System Date is: 15/06/2016
System Time is: 20:43:01
Thread:Alcohol
Log level:DATA
sensor_value:2.26
sensor_value recieved

System Date is: 15/06/2016
System Time is: 20:43:02
Thread:Ultrasonic THRESHOLD CROSSED
Log level:DATA
sensor_value:81.86
sensor_value recieved

System Date is: 15/06/2016
System Time is: 20:43:03
Thread:Alcohol
Log level:DATA
sensor_value:28.52
sensor_value recieved

System Date is: 15/06/2016
System Time is: 20:43:05
Thread:Ultrasonic THRESHOLD CROSSED
Log level:DATA
sensor_value:81.86
sensor_value recieved

System Date is: 15/06/2016
System Time is: 20:43:06
Thread:Alcohol
Log level:DATA
sensor_value:28.70
sensor_value recieved

System Date is: 15/06/2016
System Time is: 20:43:07
Thread:Ultrasonic THRESHOLD CROSSED
Log level:DATA
sensor_value:81.86
sensor_value recieved

System Date is: 15/06/2016
System Time is: 20:43:08
Thread:Alcohol
Log level:DATA
sensor_value:20.85
sensor_value recieved

System Date is: 15/06/2016
System Time is: 20:43:09
Thread:Ultrasonic THRESHOLD CROSSED
Log level:DATA
sensor_value:81.86
sensor_value recieved

System Date is: 15/06/2016
System Time is: 20:43:10
Thread:Alcohol
Log level:DATA
sensor_value:17.44
sensor_value recieved

System Date is: 15/06/2016
System Time is: 20:43:11
Thread:Ultrasonic THRESHOLD CROSSED
Log level:DATA
sensor_value:81.86
sensor_value recieved

System Date is: 15/06/2016
System Time is: 20:43:12
Thread:Alcohol
Log level:DATA
sensor_value:14.95
sensor_value recieved

System Date is: 15/06/2016
System Time is: 20:43:13
Thread:Ultrasonic THRESHOLD CROSSED
Log level:DATA
sensor_value:81.86
sensor_value recieved

System Date is: 15/06/2016
System Time is: 20:43:14
Thread:Alcohol
Log level:DATA
sensor_value:16.22
sensor_value recieved

System Date is: 15/06/2016
System Time is: 20:43:15
Thread:Ultrasonic THRESHOLD CROSSED
Log level:DATA
sensor_value:89.38
sensor_value recieved

System Date is: 15/06/2016
System Time is: 20:43:16
Thread:Alcohol
Log level:DATA
sensor_value:15.21
sensor_value recieved

System Date is: 15/06/2016
System Time is: 20:43:17
Thread:Ultrasonic THRESHOLD CROSSED
Log level:DATA
sensor_value:81.86
sensor_value recieved

System Date is: 15/06/2016
System Time is: 20:43:18
Thread:Alcohol
Log level:DATA
sensor_value:13.79
sensor_value recieved

System Date is: 15/06/2016
System Time is: 20:43:20
Thread:Ultrasonic THRESHOLD CROSSED
Log level:DATA
sensor_value:81.86
sensor_value recieved

System Date is: 15/06/2016
System Time is: 20:43:21
Thread:Alcohol
Log level:DATA
sensor_value:5.31
sensor_value recieved

System Date is: 15/06/2016
System Time is: 20:43:22
Thread:Ultrasonic THRESHOLD CROSSED
Log level:DATA
sensor_value:114.43
sensor_value recieved

System Date is: 15/06/2016
System Time is: 20:43:23
Thread:Alcohol
Log level:DATA
sensor_value:2.09
sensor_value recieved

System Date is: 15/06/2016
System Time is: 20:43:24
Thread:Ultrasonic THRESHOLD CROSSED
Log level:DATA
sensor_value:81.86
sensor_value recieved

System Date is: 15/06/2016
System Time is: 20:43:25
Thread:Alcohol
Log level:DATA
sensor_value:1.95
sensor_value recieved

System Date is: 15/06/2016
System Time is: 20:43:26
Thread:Ultrasonic THRESHOLD CROSSED
Log level:DATA
sensor_value:81.86
sensor_value recieved

System Date is: 15/06/2016
System Time is: 20:43:27
Thread:Alcohol
Log level:DATA
sensor_value:2.43
sensor_value recieved

System Date is: 15/06/2016
System Time is: 20:44:33
Thread info: MAIN
logging thread created successfully
LOG level:INFO

System Date is: 15/06/2016
System Time is: 20:44:33
Thread info: MAIN
decision thread created successfully
LOG level:INFO

System Date is: 15/06/2016
System Time is: 20:44:34
Decision Queue Recv Creation Successfull!

System Date is: 15/06/2016
System Time is: 20:44:39
Thread:Alcohol
Log level:DATA
sensor_value:0.00
sensor_value recieved

System Date is: 15/06/2016
System Time is: 20:44:40
UART connection disconnected

System Date is: 15/06/2016
System Time is: 20:44:41
Thread:Alcohol
Log level:DATA
sensor_value:1.59
sensor_value recieved

System Date is: 15/06/2016
System Time is: 20:44:42
Thread:Ultrasonic THRESHOLD CROSSED
Log level:DATA
sensor_value:81.86
sensor_value recieved

System Date is: 15/06/2016
System Time is: 20:44:43
Thread:Alcohol
Log level:DATA
sensor_value:2.03
sensor_value recieved

System Date is: 15/06/2016
System Time is: 20:44:44
Thread:Ultrasonic THRESHOLD CROSSED
Log level:DATA
sensor_value:81.86
sensor_value recieved

System Date is: 15/06/2016
System Time is: 20:44:46
Thread:Alcohol
Log level:DATA
sensor_value:2.33
sensor_value recieved

System Date is: 15/06/2016
System Time is: 20:44:47
Thread:Ultrasonic THRESHOLD CROSSED
Log level:DATA
sensor_value:97.01
sensor_value recieved

System Date is: 15/06/2016
System Time is: 20:44:48
Thread:Alcohol
Log level:DATA
sensor_value:2.59
sensor_value recieved

System Date is: 15/06/2016
System Time is: 20:44:49
Thread:Ultrasonic THRESHOLD CROSSED
Log level:DATA
sensor_value:82.16
sensor_value recieved

System Date is: 15/06/2016
System Time is: 20:44:50
Thread:Alcohol
Log level:DATA
sensor_value:2.79
sensor_value recieved

System Date is: 15/06/2016
System Time is: 20:44:51
Thread:Ultrasonic THRESHOLD CROSSED
Log level:DATA
sensor_value:81.86
sensor_value recieved

System Date is: 15/06/2016
System Time is: 20:44:52
Thread:Alcohol
Log level:DATA
sensor_value:2.85
sensor_value recieved

System Date is: 15/06/2016
System Time is: 20:44:53
Ultrasonic sensor disconnected

System Date is: 15/06/2016
System Time is: 20:44:54
Thread:Alcohol
Log level:DATA
sensor_value:2.42
sensor_value recieved

System Date is: 15/06/2016
System Time is: 20:44:55
Thread:Alcohol
Log level:DATA
sensor_value:1.97
sensor_value recieved

System Date is: 15/06/2016
System Time is: 20:44:57
Thread:Alcohol
Log level:DATA
sensor_value:1.97
sensor_value recieved

System Date is: 15/06/2016
System Time is: 20:44:59
Thread:Alcohol
Log level:DATA
sensor_value:1.97
sensor_value recieved

System Date is: 15/06/2016
System Time is: 20:45:01
Thread:Alcohol
Log level:DATA
sensor_value:1.97
sensor_value recieved

System Date is: 15/06/2016
System Time is: 20:45:03
Thread:Alcohol
Log level:DATA
sensor_value:1.97
sensor_value recieved

System Date is: 15/06/2016
System Time is: 20:45:05
Thread:Alcohol
Log level:DATA
sensor_value:1.97
sensor_value recieved

System Date is: 15/06/2016
System Time is: 20:45:07
Thread:Alcohol
Log level:DATA
sensor_value:1.97
sensor_value recieved

System Date is: 15/06/2016
System Time is: 20:45:09
Thread:Alcohol
Log level:DATA
sensor_value:1.97
sensor_value recieved

System Date is: 15/06/2016
System Time is: 20:45:11
Thread:Alcohol
Log level:DATA
sensor_value:1.97
sensor_value recieved

System Date is: 15/06/2016
System Time is: 20:45:13
Thread:Alcohol
Log level:DATA
sensor_value:1.97
sensor_value recieved

System Date is: 15/06/2016
System Time is: 20:45:15
Thread:Alcohol
Log level:DATA
sensor_value:1.97
sensor_value recieved

System Date is: 15/06/2016
System Time is: 20:45:17
Thread:Alcohol
Log level:DATA
sensor_value:1.97
sensor_value recieved

System Date is: 15/06/2016
System Time is: 20:45:19
Thread:Alcohol
Log level:DATA
sensor_value:1.97
sensor_value recieved

System Date is: 15/06/2016
System Time is: 20:45:21
Thread:Alcohol
Log level:DATA
sensor_value:1.97
sensor_value recieved

System Date is: 15/06/2016
System Time is: 20:45:23
Thread:Alcohol
Log level:DATA
sensor_value:1.97
sensor_value recieved

System Date is: 15/06/2016
System Time is: 20:45:25
Thread:Alcohol
Log level:DATA
sensor_value:1.97
sensor_value recieved

System Date is: 15/06/2016
System Time is: 20:45:27
Thread:Alcohol
Log level:DATA
sensor_value:1.97
sensor_value recieved

System Date is: 15/06/2016
System Time is: 20:45:29
Thread:Alcohol
Log level:DATA
sensor_value:1.97
sensor_value recieved

System Date is: 15/06/2016
System Time is: 20:45:31
Thread:Alcohol
Log level:DATA
sensor_value:1.97
sensor_value recieved

System Date is: 15/06/2016
System Time is: 20:45:33
Thread:Alcohol
Log level:DATA
sensor_value:1.97
sensor_value recieved

System Date is: 15/06/2016
System Time is: 20:45:35
Thread:Alcohol
Log level:DATA
sensor_value:1.97
sensor_value recieved

System Date is: 15/06/2016
System Time is: 20:45:37
Thread:Alcohol
Log level:DATA
sensor_value:1.97
sensor_value recieved

System Date is: 15/06/2016
System Time is: 20:45:39
Thread:Alcohol
Log level:DATA
sensor_value:1.97
sensor_value recieved

System Date is: 15/06/2016
System Time is: 20:45:41
Thread:Alcohol
Log level:DATA
sensor_value:1.97
sensor_value recieved

System Date is: 15/06/2016
System Time is: 20:45:43
Thread:Alcohol
Log level:DATA
sensor_value:1.97
sensor_value recieved

System Date is: 15/06/2016
System Time is: 20:45:45
Thread:Alcohol
Log level:DATA
sensor_value:1.97
sensor_value recieved

System Date is: 15/06/2016
System Time is: 20:45:47
Alcohol sensor disconnected

System Date is: 15/06/2016
System Time is: 20:45:48
UART connection disconnected

System Date is: 15/06/2016
System Time is: 20:45:55
Thread:Alcohol
Log level:DATA
sensor_value:0.74
sensor_value recieved

System Date is: 15/06/2016
System Time is: 20:45:56
Thread:Ultrasonic
Log level:DATA
sensor_value:0.31
sensor_value recieved

System Date is: 15/06/2016
System Time is: 20:45:57
Thread:Alcohol
Log level:DATA
sensor_value:1.34
sensor_value recieved

System Date is: 15/06/2016
System Time is: 20:45:58
Thread:Ultrasonic THRESHOLD CROSSED
Log level:DATA
sensor_value:294.54
sensor_value recieved

System Date is: 15/06/2016
System Time is: 20:45:59
Thread:Alcohol
Log level:DATA
sensor_value:1.82
sensor_value recieved

System Date is: 15/06/2016
System Time is: 20:46:00
Thread:Ultrasonic THRESHOLD CROSSED
Log level:DATA
sensor_value:228.56
sensor_value recieved

System Date is: 15/06/2016
System Time is: 20:46:01
Thread:Alcohol
Log level:DATA
sensor_value:2.18
sensor_value recieved

System Date is: 15/06/2016
System Time is: 20:46:03
Thread:Ultrasonic THRESHOLD CROSSED
Log level:DATA
sensor_value:228.56
sensor_value recieved

System Date is: 15/06/2016
System Time is: 20:46:04
Thread:Alcohol
Log level:DATA
sensor_value:2.47
sensor_value recieved

System Date is: 15/06/2016
System Time is: 20:46:05
Ultrasonic sensor disconnected

System Date is: 15/06/2016
System Time is: 20:46:06
Alcohol sensor disconnected

System Date is: 15/06/2016
System Time is: 20:46:07
Thread:Alcohol
Log level:DATA
sensor_value:0.00
sensor_value recieved

System Date is: 15/06/2016
System Time is: 20:46:09
Thread:Alcohol
Log level:DATA
sensor_value:0.00
sensor_value recieved

System Date is: 15/06/2016
System Time is: 20:46:11
Thread:Alcohol
Log level:DATA
sensor_value:0.00
sensor_value recieved

System Date is: 15/06/2016
System Time is: 20:46:13
Thread:Alcohol
Log level:DATA
sensor_value:0.00
sensor_value recieved

System Date is: 15/06/2016
System Time is: 20:46:15
Thread:Alcohol
Log level:DATA
sensor_value:0.00
sensor_value recieved

System Date is: 15/06/2016
System Time is: 20:46:17
Thread:Alcohol
Log level:DATA
sensor_value:0.00
sensor_value recieved

System Date is: 15/06/2016
System Time is: 20:46:19
Thread:Alcohol
Log level:DATA
sensor_value:0.00
sensor_value recieved

System Date is: 15/06/2016
System Time is: 20:46:21
Thread:Alcohol
Log level:DATA
sensor_value:0.00
sensor_value recieved

System Date is: 15/06/2016
System Time is: 20:46:23
Thread:Alcohol
Log level:DATA
sensor_value:0.00
sensor_value recieved

System Date is: 15/06/2016
System Time is: 20:46:25
Thread:Alcohol
Log level:DATA
sensor_value:0.00
sensor_value recieved

System Date is: 15/06/2016
System Time is: 20:46:27
Thread:Alcohol
Log level:DATA
sensor_value:0.00
sensor_value recieved

System Date is: 15/06/2016
System Time is: 20:46:29
Thread:Alcohol
Log level:DATA
sensor_value:0.00
sensor_value recieved

System Date is: 15/06/2016
System Time is: 20:46:31
Thread:Alcohol
Log level:DATA
sensor_value:0.00
sensor_value recieved

System Date is: 15/06/2016
System Time is: 20:46:33
Thread:Alcohol
Log level:DATA
sensor_value:0.00
sensor_value recieved

System Date is: 15/06/2016
System Time is: 20:46:35
Thread:Alcohol
Log level:DATA
sensor_value:0.00
sensor_value recieved

System Date is: 15/06/2016
System Time is: 20:46:37
Alcohol sensor disconnected

System Date is: 15/06/2016
System Time is: 20:46:38
UART connection disconnected

System Date is: 15/06/2016
System Time is: 20:46:39
Thread:Alcohol
Log level:DATA
sensor_value:1.34
sensor_value recieved

System Date is: 15/06/2016
System Time is: 20:46:41
Thread:Ultrasonic THRESHOLD CROSSED
Log level:DATA
sensor_value:81.86
sensor_value recieved

System Date is: 15/06/2016
System Time is: 20:46:42
Thread:Alcohol
Log level:DATA
sensor_value:1.80
sensor_value recieved

System Date is: 15/06/2016
System Time is: 20:46:43
Thread:Ultrasonic THRESHOLD CROSSED
Log level:DATA
sensor_value:81.86
sensor_value recieved

System Date is: 15/06/2016
System Time is: 20:46:44
Thread:Alcohol
Log level:DATA
sensor_value:2.30
sensor_value recieved

System Date is: 15/06/2016
System Time is: 20:46:45
Thread:Ultrasonic THRESHOLD CROSSED
Log level:DATA
sensor_value:228.56
sensor_value recieved

System Date is: 15/06/2016
System Time is: 20:46:46
Thread:Alcohol
Log level:DATA
sensor_value:2.77
sensor_value recieved

System Date is: 15/06/2016
System Time is: 20:46:47
Thread:Ultrasonic THRESHOLD CROSSED
Log level:DATA
sensor_value:228.56
sensor_value recieved

System Date is: 15/06/2016
System Time is: 20:46:48
Thread:Alcohol
Log level:DATA
sensor_value:3.05
sensor_value recieved

System Date is: 15/06/2016
System Time is: 20:46:49
Thread:Ultrasonic THRESHOLD CROSSED
Log level:DATA
sensor_value:91.03
sensor_value recieved

System Date is: 15/06/2016
System Time is: 20:46:50
Alcohol sensor disconnected

System Date is: 15/06/2016
System Time is: 20:46:52
Ultrasonic sensor disconnected

System Date is: 15/06/2016
System Time is: 20:46:56
Thread:Ultrasonic
Log level:DATA
sensor_value:-1.00
sensor_value recieved

System Date is: 15/06/2016
System Time is: 20:46:57
UART connection disconnected

System Date is: 15/06/2016
System Time is: 20:46:58
Thread:Ultrasonic THRESHOLD CROSSED
Log level:DATA
sensor_value:81.86
sensor_value recieved

System Date is: 15/06/2016
System Time is: 20:46:59
Thread:Alcohol
Log level:DATA
sensor_value:2.51
sensor_value recieved

System Date is: 15/06/2016
System Time is: 20:47:00
Thread:Ultrasonic THRESHOLD CROSSED
Log level:DATA
sensor_value:81.86
sensor_value recieved

System Date is: 15/06/2016
System Time is: 20:47:01
Thread:Alcohol
Log level:DATA
sensor_value:2.90
sensor_value recieved

System Date is: 15/06/2016
System Time is: 20:47:02
Thread:Ultrasonic THRESHOLD CROSSED
Log level:DATA
sensor_value:81.86
sensor_value recieved

System Date is: 15/06/2016
System Time is: 20:47:03
Thread:Alcohol
Log level:DATA
sensor_value:3.20
sensor_value recieved

System Date is: 15/06/2016
System Time is: 20:47:05
Thread:Ultrasonic THRESHOLD CROSSED
Log level:DATA
sensor_value:293.81
sensor_value recieved

System Date is: 15/06/2016
System Time is: 20:47:06
Alcohol sensor disconnected

System Date is: 15/06/2016
System Time is: 20:47:07
Ultrasonic sensor disconnected

System Date is: 15/06/2016
System Time is: 20:47:13
Thread:Alcohol
Log level:DATA
sensor_value:-1.00
sensor_value recieved

System Date is: 15/06/2016
System Time is: 20:47:14
Thread:Ultrasonic
Log level:DATA
sensor_value:-1.00
sensor_value recieved

System Date is: 15/06/2016
System Time is: 20:47:15
UART connection disconnected

System Date is: 15/06/2016
System Time is: 20:47:16
Thread:Ultrasonic THRESHOLD CROSSED
Log level:DATA
sensor_value:81.86
sensor_value recieved

System Date is: 15/06/2016
System Time is: 20:47:17
Thread:Alcohol
Log level:DATA
sensor_value:2.84
sensor_value recieved

System Date is: 15/06/2016
System Time is: 20:47:19
Thread:Ultrasonic THRESHOLD CROSSED
Log level:DATA
sensor_value:81.86
sensor_value recieved

System Date is: 15/06/2016
System Time is: 20:47:20
Thread:Alcohol
Log level:DATA
sensor_value:3.22
sensor_value recieved

System Date is: 15/06/2016
System Time is: 20:47:21
Thread:Ultrasonic THRESHOLD CROSSED
Log level:DATA
sensor_value:640.93
sensor_value recieved

System Date is: 15/06/2016
System Time is: 20:47:22
Thread:Alcohol
Log level:DATA
sensor_value:3.28
sensor_value recieved

System Date is: 15/06/2016
System Time is: 20:47:23
Thread:Ultrasonic THRESHOLD CROSSED
Log level:DATA
sensor_value:640.93
sensor_value recieved

System Date is: 15/06/2016
System Time is: 20:47:24
Thread:Alcohol
Log level:DATA
sensor_value:3.41
sensor_value recieved

System Date is: 15/06/2016
System Time is: 20:47:25
Thread:Ultrasonic THRESHOLD CROSSED
Log level:DATA
sensor_value:293.81
sensor_value recieved

System Date is: 15/06/2016
System Time is: 20:47:26
Alcohol sensor disconnected

System Date is: 15/06/2016
System Time is: 20:47:27
Ultrasonic sensor disconnected

System Date is: 15/06/2016
System Time is: 20:47:31
Thread:Alcohol
Log level:DATA
sensor_value:-1.00
sensor_value recieved

System Date is: 15/06/2016
System Time is: 20:47:32
Thread:Ultrasonic
Log level:DATA
sensor_value:-1.00
sensor_value recieved

System Date is: 15/06/2016
System Time is: 20:47:33
UART connection disconnected

System Date is: 15/06/2016
System Time is: 20:47:34
Thread:Ultrasonic THRESHOLD CROSSED
Log level:DATA
sensor_value:81.86
sensor_value recieved

System Date is: 15/06/2016
System Time is: 20:47:35
Thread:Alcohol
Log level:DATA
sensor_value:2.75
sensor_value recieved

System Date is: 15/06/2016
System Time is: 20:47:37
Thread:Ultrasonic THRESHOLD CROSSED
Log level:DATA
sensor_value:81.86
sensor_value recieved

System Date is: 15/06/2016
System Time is: 20:47:38
Thread:Alcohol
Log level:DATA
sensor_value:3.09
sensor_value recieved

System Date is: 15/06/2016
System Time is: 20:47:39
Thread:Ultrasonic THRESHOLD CROSSED
Log level:DATA
sensor_value:293.81
sensor_value recieved

System Date is: 15/06/2016
System Time is: 20:47:40
Alcohol sensor disconnected

System Date is: 15/06/2016
System Time is: 20:47:41
Ultrasonic sensor disconnected

System Date is: 15/06/2016
System Time is: 20:47:42
Thread:Ultrasonic THRESHOLD CROSSED
Log level:DATA
sensor_value:81.86
sensor_value recieved

System Date is: 15/06/2016
System Time is: 20:47:43
Thread:Alcohol
Log level:DATA
sensor_value:2.82
sensor_value recieved

System Date is: 15/06/2016
System Time is: 20:47:44
Thread:Ultrasonic THRESHOLD CROSSED
Log level:DATA
sensor_value:81.86
sensor_value recieved

System Date is: 15/06/2016
System Time is: 20:47:45
Thread:Alcohol
Log level:DATA
sensor_value:3.17
sensor_value recieved
